0 info it worked if it ends with ok
1 verbose cli [ '/usr/local/Cellar/nvm/0.18.0/versions/v6.3.1/bin/node',
1 verbose cli   '/usr/local/opt/nvm/versions/v6.3.1/bin/npm',
1 verbose cli   'start' ]
2 info using npm@3.10.3
3 info using node@v6.3.1
4 verbose run-script [ 'prestart', 'start', 'poststart' ]
5 info lifecycle outpost-b2@0.1.0~prestart: outpost-b2@0.1.0
6 silly lifecycle outpost-b2@0.1.0~prestart: no script for prestart, continuing
7 info lifecycle outpost-b2@0.1.0~start: outpost-b2@0.1.0
8 verbose lifecycle outpost-b2@0.1.0~start: unsafe-perm in lifecycle true
9 verbose lifecycle outpost-b2@0.1.0~start: PATH: /usr/local/Cellar/nvm/0.18.0/versions/v6.3.1/lib/node_modules/npm/bin/node-gyp-bin:/Users/patrick-dev/Creations/Royal Icing/creme-brulee/services/outpost-b2/node_modules/.bin:/usr/local/Cellar/nvm/0.18.0/versions/v6.3.1/bin:/usr/local/opt/nvm/versions/v6.3.1/bin:/usr/local/bin:/usr/bin:/bin:/usr/sbin:/sbin:/Applications/Server.app/Contents/ServerRoot/usr/bin:/Applications/Server.app/Contents/ServerRoot/usr/sbin
10 verbose lifecycle outpost-b2@0.1.0~start: CWD: /Users/patrick-dev/Creations/Royal Icing/creme-brulee/services/outpost-b2
11 silly lifecycle outpost-b2@0.1.0~start: Args: [ '-c', 'node ./src/index' ]
12 silly lifecycle outpost-b2@0.1.0~start: Returned: code: 1  signal: null
13 info lifecycle outpost-b2@0.1.0~start: Failed to exec start script
14 verbose stack Error: outpost-b2@0.1.0 start: `node ./src/index`
14 verbose stack Exit status 1
14 verbose stack     at EventEmitter.<anonymous> (/usr/local/Cellar/nvm/0.18.0/versions/v6.3.1/lib/node_modules/npm/lib/utils/lifecycle.js:242:16)
14 verbose stack     at emitTwo (events.js:106:13)
14 verbose stack     at EventEmitter.emit (events.js:191:7)
14 verbose stack     at ChildProcess.<anonymous> (/usr/local/Cellar/nvm/0.18.0/versions/v6.3.1/lib/node_modules/npm/lib/utils/spawn.js:40:14)
14 verbose stack     at emitTwo (events.js:106:13)
14 verbose stack     at ChildProcess.emit (events.js:191:7)
14 verbose stack     at maybeClose (internal/child_process.js:852:16)
14 verbose stack     at Process.ChildProcess._handle.onexit (internal/child_process.js:215:5)
15 verbose pkgid outpost-b2@0.1.0
16 verbose cwd /Users/patrick-dev/Creations/Royal Icing/creme-brulee/services/outpost-b2
17 error Darwin 16.0.0
18 error argv "/usr/local/Cellar/nvm/0.18.0/versions/v6.3.1/bin/node" "/usr/local/opt/nvm/versions/v6.3.1/bin/npm" "start"
19 error node v6.3.1
20 error npm  v3.10.3
21 error code ELIFECYCLE
22 error outpost-b2@0.1.0 start: `node ./src/index`
22 error Exit status 1
23 error Failed at the outpost-b2@0.1.0 start script 'node ./src/index'.
23 error Make sure you have the latest version of node.js and npm installed.
23 error If you do, this is most likely a problem with the outpost-b2 package,
23 error not with npm itself.
23 error Tell the author that this fails on your system:
23 error     node ./src/index
23 error You can get information on how to open an issue for this project with:
23 error     npm bugs outpost-b2
23 error Or if that isn't available, you can get their info via:
23 error     npm owner ls outpost-b2
23 error There is likely additional logging output above.
24 verbose exit [ 1, true ]
